This is TeX, Version 3.1415926 (TeX Live 2012/MacPorts 2012_4) (format=tex 2012.11.26)  18 FEB 2013 20:10
**tikz
(/opt/local/share/texmf/tex/plain/pgf/frontendlayer/tikz.tex
(/opt/local/share/texmf/tex/plain/pgf/basiclayer/pgf.tex
(/opt/local/share/texmf/tex/plain/pgf/utilities/pgfrcs.tex
(/opt/local/share/texmf/tex/generic/pgf/utilities/pgfutil-common.tex
\pgfutil@everybye=\toks12
)
(/opt/local/share/texmf/tex/generic/pgf/utilities/pgfutil-plain.def
\pdfoutput=\count26
\pgfutil@tempcnta=\count27
\pgfutil@tempcntb=\count28
\pgfutil@tempboxa=\box16
\pgfutil@tempdima=\dimen16
\pgfutil@tempdimb=\dimen17
\pgfutil@abb=\box17
)
(/opt/local/share/texmf/tex/generic/pgf/utilities/pgfrcs.code.tex
Loading package pgfrcs version 2010/10/25 v2.10 (rcs-revision 1.24).
))
Loading package pgf version 2008/01/15  (rcs-revision 1.10).

(/opt/local/share/texmf/tex/plain/pgf/basiclayer/pgfcore.tex
(/opt/local/share/texmf/tex/plain/pgf/systemlayer/pgfsys.tex
(/opt/local/share/texmf/tex/plain/pgf/utilities/pgfrcs.tex)
(/opt/local/share/texmf/tex/generic/pgf/systemlayer/pgfsys.code.tex
Loading package pgfsys version 2010/06/30 v2.10 (rcs-revision 1.37).

(/opt/local/share/texmf/tex/generic/pgf/utilities/pgfkeys.code.tex
\pgfkeys@pathtoks=\toks13
\pgfkeys@temptoks=\toks14

(/opt/local/share/texmf/tex/generic/pgf/utilities/pgfkeysfiltered.code.tex
\pgfkeys@tmptoks=\toks15
))
\pgf@x=\dimen18
\pgf@y=\dimen19
\pgf@xa=\dimen20
\pgf@ya=\dimen21
\pgf@xb=\dimen22
\pgf@yb=\dimen23
\pgf@xc=\dimen24
\pgf@yc=\dimen25
\w@pgf@writea=\write0
\r@pgf@reada=\read0
\c@pgf@counta=\count29
\c@pgf@countb=\count30
\c@pgf@countc=\count31
\c@pgf@countd=\count32

(/opt/local/share/texmf/tex/generic/pgf/systemlayer/pgf.cfg
Loading file pgf.cfg version 2008/05/14  (rcs-revision 1.7).
)
(/opt/local/share/texmf/tex/generic/pgf/systemlayer/pgfsys-dvips.def
Loading file pgfsys-dvips.def version 2008/04/03  (rcs-revision 1.20).

(/opt/local/share/texmf/tex/generic/pgf/systemlayer/pgfsys-common-postscript.de
f
Loading file pgfsys-common-postscript.def version 2008/10/01  (rcs-revision 1.2
2).
\pgf@objectcount=\count33
))
\pgfutil@auxout=\write1
)
(/opt/local/share/texmf/tex/generic/pgf/systemlayer/pgfsyssoftpath.code.tex
Loading file pgfsyssoftpath.code.tex version 2008/07/18  (rcs-revision 1.7).
\pgfsyssoftpath@smallbuffer@items=\count34
\pgfsyssoftpath@bigbuffer@items=\count35
)
(/opt/local/share/texmf/tex/generic/pgf/systemlayer/pgfsysprotocol.code.tex
Loading file pgfsysprotocol.code.tex version 2006/10/16  (rcs-revision 1.4).
))
(/opt/local/share/texmf/tex/generic/pgf/basiclayer/pgfcore.code.tex
Loading package pgfcore version 2010/04/11 v2.10 (rcs-revision 1.7).

(/opt/local/share/texmf/tex/generic/pgf/math/pgfmath.code.tex
(/opt/local/share/texmf/tex/generic/pgf/math/pgfmathcalc.code.tex
(/opt/local/share/texmf/tex/generic/pgf/math/pgfmathutil.code.tex)
(/opt/local/share/texmf/tex/generic/pgf/math/pgfmathparser.code.tex
\pgfmath@dimen=\dimen26
\pgfmath@count=\count36
\pgfmath@box=\box18
\pgfmath@toks=\toks16
\pgfmath@stack@operand=\toks17
\pgfmath@stack@operation=\toks18
)
(/opt/local/share/texmf/tex/generic/pgf/math/pgfmathfunctions.code.tex
(/opt/local/share/texmf/tex/generic/pgf/math/pgfmathfunctions.basic.code.tex)
(/opt/local/share/texmf/tex/generic/pgf/math/pgfmathfunctions.trigonometric.cod
e.tex)
(/opt/local/share/texmf/tex/generic/pgf/math/pgfmathfunctions.random.code.tex)
(/opt/local/share/texmf/tex/generic/pgf/math/pgfmathfunctions.comparison.code.t
ex) (/opt/local/share/texmf/tex/generic/pgf/math/pgfmathfunctions.base.code.tex
) (/opt/local/share/texmf/tex/generic/pgf/math/pgfmathfunctions.round.code.tex)
(/opt/local/share/texmf/tex/generic/pgf/math/pgfmathfunctions.misc.code.tex)))
(/opt/local/share/texmf/tex/generic/pgf/math/pgfmathfloat.code.tex
\c@pgfmathroundto@lastzeros=\count37
))
(/opt/local/share/texmf/tex/generic/pgf/basiclayer/pgfcorepoints.code.tex
Loading file pgfcorepoints.code.tex version 2010/04/09  (rcs-revision 1.20).
\pgf@picminx=\dimen27
\pgf@picmaxx=\dimen28
\pgf@picminy=\dimen29
\pgf@picmaxy=\dimen30
\pgf@pathminx=\dimen31
\pgf@pathmaxx=\dimen32
\pgf@pathminy=\dimen33
\pgf@pathmaxy=\dimen34
\pgf@xx=\dimen35
\pgf@xy=\dimen36
\pgf@yx=\dimen37
\pgf@yy=\dimen38
\pgf@zx=\dimen39
\pgf@zy=\dimen40
)
(/opt/local/share/texmf/tex/generic/pgf/basiclayer/pgfcorepathconstruct.code.te
x
Loading file pgfcorepathconstruct.code.tex version 2010/08/03  (rcs-revision 1.
24).
\pgf@path@lastx=\dimen41
\pgf@path@lasty=\dimen42
) (/opt/local/share/texmf/tex/generic/pgf/basiclayer/pgfcorepathusage.code.tex
Loading file pgfcorepathusage.code.tex version 2008/04/22  (rcs-revision 1.12).

\pgf@shorten@end@additional=\dimen43
\pgf@shorten@start@additional=\dimen44
) (/opt/local/share/texmf/tex/generic/pgf/basiclayer/pgfcorescopes.code.tex
Loading file pgfcorescopes.code.tex version 2010/09/08  (rcs-revision 1.34).
\pgfpic=\box19
\pgf@hbox=\box20
\pgf@layerbox@main=\box21
\pgf@picture@serial@count=\count38
)
(/opt/local/share/texmf/tex/generic/pgf/basiclayer/pgfcoregraphicstate.code.tex
Loading file pgfcoregraphicstate.code.tex version 2008/04/22  (rcs-revision 1.9
).
\pgflinewidth=\dimen45
)
(/opt/local/share/texmf/tex/generic/pgf/basiclayer/pgfcoretransformations.code.
tex
Loading file pgfcoretransformations.code.tex version 2009/06/10  (rcs-revision 
1.11).
\pgf@pt@x=\dimen46
\pgf@pt@y=\dimen47
\pgf@pt@temp=\dimen48
) (/opt/local/share/texmf/tex/generic/pgf/basiclayer/pgfcorequick.code.tex
Loading file pgfcorequick.code.tex version 2008/10/09  (rcs-revision 1.3).
)
(/opt/local/share/texmf/tex/generic/pgf/basiclayer/pgfcoreobjects.code.tex
Loading file pgfcoreobjects.code.tex version 2006/10/11  (rcs-revision 1.2).
)
(/opt/local/share/texmf/tex/generic/pgf/basiclayer/pgfcorepathprocessing.code.t
ex
Loading file pgfcorepathprocessing.code.tex version 2008/10/09  (rcs-revision 1
.8).
) (/opt/local/share/texmf/tex/generic/pgf/basiclayer/pgfcorearrows.code.tex
Loading file pgfcorearrows.code.tex version 2008/04/23  (rcs-revision 1.11).
)
(/opt/local/share/texmf/tex/generic/pgf/basiclayer/pgfcoreshade.code.tex
Loading file pgfcoreshade.code.tex version 2008/11/23  (rcs-revision 1.13).
\pgf@max=\dimen49
\pgf@sys@shading@range@num=\count39
)
(/opt/local/share/texmf/tex/generic/pgf/basiclayer/pgfcoreimage.code.tex
Loading file pgfcoreimage.code.tex version 2010/03/25  (rcs-revision 1.16).

(/opt/local/share/texmf/tex/generic/pgf/basiclayer/pgfcoreexternal.code.tex
Loading file pgfcoreexternal.code.tex version 2010/09/01  (rcs-revision 1.17).
\pgfexternal@startupbox=\box22
))
(/opt/local/share/texmf/tex/generic/pgf/basiclayer/pgfcorelayers.code.tex
Loading file pgfcorelayers.code.tex version 2010/08/27  (rcs-revision 1.2).
)
(/opt/local/share/texmf/tex/generic/pgf/basiclayer/pgfcoretransparency.code.tex
Loading file pgfcoretransparency.code.tex version 2008/01/17  (rcs-revision 1.2
).
) (/opt/local/share/texmf/tex/generic/pgf/basiclayer/pgfcorepatterns.code.tex
Loading file pgfcorepatterns.code.tex version 2009/07/02  (rcs-revision 1.3).
))) (/opt/local/share/texmf/tex/generic/pgf/modules/pgfmoduleshapes.code.tex
Loading file pgfmoduleshapes.code.tex version 2010/09/09  (rcs-revision 1.13).
\pgfnodeparttextbox=\box23
)
(/opt/local/share/texmf/tex/generic/pgf/modules/pgfmoduleplot.code.tex
Loading file pgfmoduleplot.code.tex version 2010/10/22  (rcs-revision 1.8).
))
(/opt/local/share/texmf/tex/plain/pgf/utilities/pgffor.tex
(/opt/local/share/texmf/tex/plain/pgf/utilities/pgfrcs.tex)
(/opt/local/share/texmf/tex/generic/pgf/utilities/pgfkeys.code.tex)
(/opt/local/share/texmf/tex/generic/pgf/utilities/pgffor.code.tex
Loading package pgffor version 2010/03/23 v2.10 (rcs-revision 1.18).
\pgffor@iter=\dimen50
\pgffor@skip=\dimen51
\pgffor@stack=\toks19
\pgffor@toks=\toks20
))
(/opt/local/share/texmf/tex/generic/pgf/frontendlayer/tikz/tikz.code.tex
Loading package tikz version 2010/10/13 v2.10 (rcs-revision 1.76).

(/opt/local/share/texmf/tex/generic/pgf/libraries/pgflibraryplothandlers.code.t
ex
Loading file pgflibraryplothandlers.code.tex version 2010/05/31 v2.10 (rcs-revi
sion 1.15).
\pgf@plot@mark@count=\count40
\pgfplotmarksize=\dimen52
)
\tikz@lastx=\dimen53
\tikz@lasty=\dimen54
\tikz@lastxsaved=\dimen55
\tikz@lastysaved=\dimen56
\tikzleveldistance=\dimen57
\tikzsiblingdistance=\dimen58
\tikz@figbox=\box24
\tikz@tempbox=\box25
\tikztreelevel=\count41
\tikznumberofchildren=\count42
\tikznumberofcurrentchild=\count43
\tikz@fig@count=\count44
 (/opt/local/share/texmf/tex/generic/pgf/modules/pgfmodulematrix.code.tex
Loading file pgfmodulematrix.code.tex version 2010/08/24  (rcs-revision 1.4).
\pgfmatrixcurrentrow=\count45
\pgfmatrixcurrentcolumn=\count46
\pgf@matrix@numberofcolumns=\count47
)
\tikz@expandcount=\count48

(/opt/local/share/texmf/tex/generic/pgf/frontendlayer/tikz/libraries/tikzlibrar
ytopaths.code.tex
Loading file tikzlibrarytopaths.code.tex version 2008/06/17 v2.10 (rcs-revision
 1.2).
)))
*tikz

*
! Emergency stop.
<*> tikz
        
End of file on the terminal!

No pages of output.
